# Bravais Lattice Basis
  1.00000000000000  0.50000000000000  0.50000000000000
  0.50000000000000  1.00000000000000  0.50000000000000
  0.50000000000000  0.50000000000000  1.00000000000000
# Spin axis
  0.00000000000000  0.00000000000000  0.00000000000000       l
# sites
     4
  0.00000000000000  0.00000000000000  0.00000000000000    28  l up
  0.50000000000000  0.50000000000000  0.50000000000000    28  l dn
  0.25000000000000  0.25000000000000  0.25000000000000     8  l a
 -0.25000000000000 -0.25000000000000 -0.25000000000000     8  l a
# data vectors
  0.00000000000000  0.00000000000000  0.00000000000000    28  l up
  0.50000000000000  0.50000000000000  0.50000000000000    28  l dn
  0.25000000000000  0.25000000000000  0.25000000000000     8  l a
 -0.25000000000000 -0.25000000000000 -0.25000000000000     8  l a

 spins = 1
 normalized spin axis (Wyckoff coordinates):
  0.00000000000000  0.00000000000000  0.00000000000000
 Hoholedry (cartesian coordinates): 12 elements
                        P

    0:  1.00000000  .000000000  .000000000
        .000000000  1.00000000  .000000000
        .000000000  .000000000  1.00000000

    1:  .000000000  1.00000000  .000000000
        1.00000000  .000000000  .000000000
        .000000000  .000000000  1.00000000

    2: -1.00000000  .000000000  .000000000
        .000000000 -1.00000000  .000000000
        .000000000  .000000000 -1.00000000

    3:  .000000000 -1.00000000  .000000000
       -1.00000000  .000000000  .000000000
        .000000000  .000000000 -1.00000000

    4:  .000000000  .000000000  1.00000000
        .000000000  1.00000000  .000000000
        1.00000000  .000000000  .000000000

    5:  .000000000  .000000000  1.00000000
        1.00000000  .000000000  .000000000
        .000000000  1.00000000  .000000000

    6:  .000000000  .000000000 -1.00000000
        .000000000 -1.00000000  .000000000
       -1.00000000  .000000000  .000000000

    7:  .000000000  .000000000 -1.00000000
       -1.00000000  .000000000  .000000000
        .000000000 -1.00000000  .000000000

    8:  1.00000000  .000000000  .000000000
        .000000000  .000000000  1.00000000
        .000000000  1.00000000  .000000000

    9:  .000000000  1.00000000  .000000000
        .000000000  .000000000  1.00000000
        1.00000000  .000000000  .000000000

   10: -1.00000000  .000000000  .000000000
        .000000000  .000000000 -1.00000000
        .000000000 -1.00000000  .000000000

   11:  .000000000 -1.00000000  .000000000
        .000000000  .000000000 -1.00000000
       -1.00000000  .000000000  .000000000
 Hoholedry (lattice coordinates): 12 elements
               P

    0:     1     0     0
           0     1     0
           0     0     1

    1:     0     1     0
           1     0     0
           0     0     1

    2:    -1     0     0
           0    -1     0
           0     0    -1

    3:     0    -1     0
          -1     0     0
           0     0    -1

    4:     0     0     1
           0     1     0
           1     0     0

    5:     0     0     1
           1     0     0
           0     1     0

    6:     0     0    -1
           0    -1     0
          -1     0     0

    7:     0     0    -1
          -1     0     0
           0    -1     0

    8:     1     0     0
           0     0     1
           0     1     0

    9:     0     1     0
           0     0     1
           1     0     0

   10:    -1     0     0
           0     0    -1
           0    -1     0

   11:     0    -1     0
           0     0    -1
          -1     0     0

 Preserve unit cell: order = 12
 group order: 12
 group in lattice coordinates:
               P

    0:     1     0     0
           0     1     0
           0     0     1

    1:     0     1     0
           1     0     0
           0     0     1

    2:    -1     0     0
           0    -1     0
           0     0    -1

    3:     0    -1     0
          -1     0     0
           0     0    -1

    4:     0     0     1
           0     1     0
           1     0     0

    5:     0     0     1
           1     0     0
           0     1     0

    6:     0     0    -1
           0    -1     0
          -1     0     0

    7:     0     0    -1
          -1     0     0
           0    -1     0

    8:     1     0     0
           0     0     1
           0     1     0

    9:     0     1     0
           0     0     1
           1     0     0

   10:    -1     0     0
           0     0    -1
           0    -1     0

   11:     0    -1     0
           0     0    -1
          -1     0     0

 group in cartesian coordinates:
                        P

    0:  1.00000000  .000000000  .000000000
        .000000000  1.00000000  .000000000
        .000000000  .000000000  1.00000000

    1:  .000000000  1.00000000  .000000000
        1.00000000  .000000000  .000000000
        .000000000  .000000000  1.00000000

    2: -1.00000000  .000000000  .000000000
        .000000000 -1.00000000  .000000000
        .000000000  .000000000 -1.00000000

    3:  .000000000 -1.00000000  .000000000
       -1.00000000  .000000000  .000000000
        .000000000  .000000000 -1.00000000

    4:  .000000000  .000000000  1.00000000
        .000000000  1.00000000  .000000000
        1.00000000  .000000000  .000000000

    5:  .000000000  .000000000  1.00000000
        1.00000000  .000000000  .000000000
        .000000000  1.00000000  .000000000

    6:  .000000000  .000000000 -1.00000000
        .000000000 -1.00000000  .000000000
       -1.00000000  .000000000  .000000000

    7:  .000000000  .000000000 -1.00000000
       -1.00000000  .000000000  .000000000
        .000000000 -1.00000000  .000000000

    8:  1.00000000  .000000000  .000000000
        .000000000  .000000000  1.00000000
        .000000000  1.00000000  .000000000

    9:  .000000000  1.00000000  .000000000
        .000000000  .000000000  1.00000000
        1.00000000  .000000000  .000000000

   10: -1.00000000  .000000000  .000000000
        .000000000  .000000000 -1.00000000
        .000000000 -1.00000000  .000000000

   11:  .000000000 -1.00000000  .000000000
        .000000000  .000000000 -1.00000000
       -1.00000000  .000000000  .000000000

 Types:     3
 in Wyckoff coordinates:
  type  site                 1                 2                 3    label   rot
     1     0  0.00000000000000  0.00000000000000  0.00000000000000    28 up     0
     2     1  0.50000000000000  0.50000000000000  0.50000000000000    28 dn     0
     3     2  0.25000000000000  0.25000000000000  0.25000000000000     8 a     0
           3 -0.25000000000000 -0.25000000000000 -0.25000000000000     8 a     1
 group elements by axis and angle
  P           x           y           z  (2 pi)/ang   inv
  0  0.00000000  0.00000000  1.00000000           1     1
  1  0.70710678 -0.70710678  0.00000000          -2     1
  2  0.57735027  0.57735027  0.57735027          -3     1
  3 -0.70710678 -0.00000000  0.70710678          -2     1
  4  0.57735027  0.57735027  0.57735027           3     1
  5 -0.00000000 -0.70710678  0.70710678           2     1
  6  0.70710678 -0.70710678  0.00000000          -2    -1
  7  0.57735027  0.57735027  0.57735027          -3    -1
  8 -0.00000000 -0.70710678  0.70710678           2    -1
  9 -0.70710678 -0.00000000  0.70710678          -2    -1
 10  0.00000000  0.00000000  1.00000000           1    -1
 11  0.57735027  0.57735027  0.57735027           3    -1
 
 For type: 1
 12 local group elements by axis and angle
  P           x           y           z  (2 pi)/ang   inv
  0  0.00000000  0.00000000  1.00000000           1     1
  1  0.70710678 -0.70710678  0.00000000           2     1
  2  0.57735027  0.57735027  0.57735027           3     1
  3 -0.70710678 -0.00000000  0.70710678           2     1
  4  0.57735027  0.57735027  0.57735027           3     1
  5 -0.00000000 -0.70710678  0.70710678           2     1
  6  0.70710678 -0.70710678  0.00000000           2    -1
  7  0.57735027  0.57735027  0.57735027           3    -1
  8 -0.00000000 -0.70710678  0.70710678           2    -1
  9 -0.70710678 -0.00000000  0.70710678           2    -1
 10  0.00000000  0.00000000  1.00000000           1    -1
 11  0.57735027  0.57735027  0.57735027           3    -1
 Selected local axis:      0.57735027  0.57735027  0.57735027
 Local Euler angles:  0.00000000000000  0.00000000000000  0.00000000000000     1
                      1.57079632679490  3.14159265358979  0.00000000000000     1
                     -2.09439510239320  0.00000000000000  0.00000000000000     1
                     -2.61799387799149  3.14159265358979  0.00000000000000     1
                      2.09439510239320  0.00000000000000  0.00000000000000     1
                     -0.52359877559830  3.14159265358979  0.00000000000000     1
                      1.57079632679490  3.14159265358979  0.00000000000000    -1
                     -2.09439510239320  0.00000000000000  0.00000000000000    -1
                     -0.52359877559830  3.14159265358979  0.00000000000000    -1
                     -2.61799387799149  3.14159265358979  0.00000000000000    -1
                     -0.00000000000000  0.00000000000000  0.00000000000000    -1
                      2.09439510239320  0.00000000000000  0.00000000000000    -1
 0 representations for L = 1
 1 representations for L = 2
 0 representations for L = 3
 2 representations for L = 4
 0 representations for L = 5
 3 representations for L = 6
 0 representations for L = 7
 3 representations for L = 8
 
 For type: 2
 12 local group elements by axis and angle
  P           x           y           z  (2 pi)/ang   inv
  0  0.00000000  0.00000000  1.00000000           1     1
  1  0.70710678 -0.70710678  0.00000000           2     1
  2  0.57735027  0.57735027  0.57735027           3     1
  3 -0.70710678 -0.00000000  0.70710678           2     1
  4  0.57735027  0.57735027  0.57735027           3     1
  5 -0.00000000 -0.70710678  0.70710678           2     1
  6  0.70710678 -0.70710678  0.00000000           2    -1
  7  0.57735027  0.57735027  0.57735027           3    -1
  8 -0.00000000 -0.70710678  0.70710678           2    -1
  9 -0.70710678 -0.00000000  0.70710678           2    -1
 10  0.00000000  0.00000000  1.00000000           1    -1
 11  0.57735027  0.57735027  0.57735027           3    -1
 Selected local axis:      0.57735027  0.57735027  0.57735027
 Local Euler angles:  0.00000000000000  0.00000000000000  0.00000000000000     1
                      1.57079632679490  3.14159265358979  0.00000000000000     1
                     -2.09439510239320  0.00000000000000  0.00000000000000     1
                     -2.61799387799149  3.14159265358979  0.00000000000000     1
                      2.09439510239320  0.00000000000000  0.00000000000000     1
                     -0.52359877559830  3.14159265358979  0.00000000000000     1
                      1.57079632679490  3.14159265358979  0.00000000000000    -1
                     -2.09439510239320  0.00000000000000  0.00000000000000    -1
                     -0.52359877559830  3.14159265358979  0.00000000000000    -1
                     -2.61799387799149  3.14159265358979  0.00000000000000    -1
                     -0.00000000000000  0.00000000000000  0.00000000000000    -1
                      2.09439510239320  0.00000000000000  0.00000000000000    -1
 0 representations for L = 1
 1 representations for L = 2
 0 representations for L = 3
 2 representations for L = 4
 0 representations for L = 5
 3 representations for L = 6
 0 representations for L = 7
 3 representations for L = 8
 
 For type: 3
 6 local group elements by axis and angle
  P           x           y           z  (2 pi)/ang   inv
  0  0.00000000  0.00000000  1.00000000           1     1
  1  0.57735027  0.57735027  0.57735027           3     1
  2  0.57735027  0.57735027  0.57735027           3     1
  3  0.70710678 -0.70710678  0.00000000           2    -1
  4 -0.00000000 -0.70710678  0.70710678           2    -1
  5 -0.70710678 -0.00000000  0.70710678           2    -1
 Selected local axis:      0.57735027  0.57735027  0.57735027
 Local Euler angles:  0.00000000000000  0.00000000000000  0.00000000000000     1
                     -2.09439510239320  0.00000000000000  0.00000000000000     1
                      2.09439510239320  0.00000000000000  0.00000000000000     1
                      1.57079632679490  3.14159265358979  0.00000000000000    -1
                     -0.52359877559830  3.14159265358979  0.00000000000000    -1
                     -2.61799387799149  3.14159265358979  0.00000000000000    -1
 1 representations for L = 1
 1 representations for L = 2
 2 representations for L = 3
 2 representations for L = 4
 2 representations for L = 5
 3 representations for L = 6
 3 representations for L = 7
 3 representations for L = 8

Nearest neighbor table
 type1 type2    distance
   1     3     0.50000000  
         1     0.70710678  
         3     0.86602540  
         2     1.00000000  
   2     3     0.50000000  
         1     0.70710678  
         3     0.86602540  
         1     1.00000000  
   3     1     0.50000000  
         3     0.70710678  
         1     0.86602540  
         3     1.00000000  

########################################################################
