============================= Formated input ===================================
 # Bravais lattice
      0.5000000000000000    0.5000000000000000    0.0000000000000000
      0.5000000000000000    0.0000000000000000    0.5000000000000000
      0.0000000000000000    0.5000000000000000    0.5000000000000000
 #
 # Corresponding reciprocal basis (without 2*pi)
 #    1.0000000000000000    1.0000000000000000   -1.0000000000000000
 #    1.0000000000000000   -1.0000000000000000    1.0000000000000000
 #   -1.0000000000000000    1.0000000000000000    1.0000000000000000
 #
 # k-point path in the reciprocal basis
    0.00000000000000  0.00000000000000  0.00000000000000    G        99
    0.50000000000000  0.50000000000000  0.50000000000000    L        70
    0.25000000000000  0.62500000000000  0.62500000000000    U        40
    0.00000000000000  0.50000000000000  0.50000000000000    X        57
    0.25000000000000  0.75000000000000  0.50000000000000    W        40
    0.37500000000000  0.75000000000000  0.37500000000000    K
 #
 # k-point path in the cartesian basis
 #  0.00000000000000  0.00000000000000  0.00000000000000    G
 #  0.50000000000000  0.50000000000000  0.50000000000000    L
 #  0.25000000000000  0.25000000000000  1.00000000000000    U
 #  0.00000000000000  0.00000000000000  1.00000000000000    X
 #  0.50000000000000  0.00000000000000  1.00000000000000    W
 #  0.75000000000000  0.00000000000000  0.75000000000000    K

===================== Input for green.inp ======================================
 spectrum
 Band Pband eV
    99    70    40    57    40
 G     L     U     X     W     K

================================================================================

