# Bravais Lattice Basis
  0.50000000000000  0.50000000000000  0.00000000000000
 -0.86602540378444  0.86602540378444  0.00000000000000
  0.00000000000000  0.00000000000000  1.58000000000000
# Spin axis
  0.00000000000000  0.00000000000000  0.00000000000000       l
# sites
     2
  0.33333333333333 -0.33333333333333  0.25000000000000    65  l a
 -0.33333333333333  0.33333333333333 -0.25000000000000    65  l a
# data vectors
  0.33333333333333 -0.33333333333333  0.25000000000000    65  l a
 -0.33333333333333  0.33333333333333 -0.25000000000000    65  l a

 spins = 1
 normalized spin axis (Wyckoff coordinates):
  0.00000000000000  0.00000000000000  0.00000000000000
 Hoholedry (cartesian coordinates): 24 elements
                        P

    0:  1.00000000  .000000000  .000000000
        .000000000  1.00000000  .000000000
        .000000000  .000000000  1.00000000

    1: -.500000000  .866025403  .000000000
        .866025403  .500000000  .000000000
        .000000000  .000000000  1.00000000

    2: -1.00000000  .000000000  .000000000
        .000000000 -1.00000000  .000000000
        .000000000  .000000000  1.00000000

    3:  .500000000 -.866025403  .000000000
       -.866025403 -.500000000  .000000000
        .000000000  .000000000  1.00000000

    4:  1.00000000  .000000000  .000000000
        .000000000 -1.00000000  .000000000
        .000000000  .000000000  1.00000000

    5: -.500000000  .866025403  .000000000
       -.866025403 -.500000000  .000000000
        .000000000  .000000000  1.00000000

    6:  .500000000  .866025403  .000000000
        .866025403 -.500000000  .000000000
        .000000000  .000000000  1.00000000

    7:  .500000000  .866025403  .000000000
       -.866025403  .500000000  .000000000
        .000000000  .000000000  1.00000000

    8:  .500000000 -.866025403  .000000000
        .866025403  .500000000  .000000000
        .000000000  .000000000  1.00000000

    9: -1.00000000  .000000000  .000000000
        .000000000  1.00000000  .000000000
        .000000000  .000000000  1.00000000

   10: -.500000000 -.866025403  .000000000
       -.866025403  .500000000  .000000000
        .000000000  .000000000  1.00000000

   11: -.500000000 -.866025403  .000000000
        .866025403 -.500000000  .000000000
        .000000000  .000000000  1.00000000

   12:  1.00000000  .000000000  .000000000
        .000000000  1.00000000  .000000000
        .000000000  .000000000 -1.00000000

   13: -.500000000  .866025403  .000000000
        .866025403  .500000000  .000000000
        .000000000  .000000000 -1.00000000

   14: -1.00000000  .000000000  .000000000
        .000000000 -1.00000000  .000000000
        .000000000  .000000000 -1.00000000

   15:  .500000000 -.866025403  .000000000
       -.866025403 -.500000000  .000000000
        .000000000  .000000000 -1.00000000

   16:  1.00000000  .000000000  .000000000
        .000000000 -1.00000000  .000000000
        .000000000  .000000000 -1.00000000

   17: -.500000000  .866025403  .000000000
       -.866025403 -.500000000  .000000000
        .000000000  .000000000 -1.00000000

   18:  .500000000  .866025403  .000000000
        .866025403 -.500000000  .000000000
        .000000000  .000000000 -1.00000000

   19:  .500000000  .866025403  .000000000
       -.866025403  .500000000  .000000000
        .000000000  .000000000 -1.00000000

   20:  .500000000 -.866025403  .000000000
        .866025403  .500000000  .000000000
        .000000000  .000000000 -1.00000000

   21: -1.00000000  .000000000  .000000000
        .000000000  1.00000000  .000000000
        .000000000  .000000000 -1.00000000

   22: -.500000000 -.866025403  .000000000
       -.866025403  .500000000  .000000000
        .000000000  .000000000 -1.00000000

   23: -.500000000 -.866025403  .000000000
        .866025403 -.500000000  .000000000
        .000000000  .000000000 -1.00000000
 Hoholedry (lattice coordinates): 24 elements
               P

    0:     1     0     0
           0     1     0
           0     0     1

    1:    -1     0     0
          -1     1     0
           0     0     1

    2:    -1     0     0
           0    -1     0
           0     0     1

    3:     1     0     0
           1    -1     0
           0     0     1

    4:     0     1     0
           1     0     0
           0     0     1

    5:    -1     1     0
          -1     0     0
           0     0     1

    6:    -1     1     0
           0     1     0
           0     0     1

    7:     0     1     0
          -1     1     0
           0     0     1

    8:     1    -1     0
           1     0     0
           0     0     1

    9:     0    -1     0
          -1     0     0
           0     0     1

   10:     1    -1     0
           0    -1     0
           0     0     1

   11:     0    -1     0
           1    -1     0
           0     0     1

   12:     1     0     0
           0     1     0
           0     0    -1

   13:    -1     0     0
          -1     1     0
           0     0    -1

   14:    -1     0     0
           0    -1     0
           0     0    -1

   15:     1     0     0
           1    -1     0
           0     0    -1

   16:     0     1     0
           1     0     0
           0     0    -1

   17:    -1     1     0
          -1     0     0
           0     0    -1

   18:    -1     1     0
           0     1     0
           0     0    -1

   19:     0     1     0
          -1     1     0
           0     0    -1

   20:     1    -1     0
           1     0     0
           0     0    -1

   21:     0    -1     0
          -1     0     0
           0     0    -1

   22:     1    -1     0
           0    -1     0
           0     0    -1

   23:     0    -1     0
           1    -1     0
           0     0    -1

 Preserve unit cell: order = 12
 group order: 12
 group in lattice coordinates:
               P

    0:     1     0     0
           0     1     0
           0     0     1

    1:     1     0     0
           1    -1     0
           0     0     1

    2:    -1     1     0
          -1     0     0
           0     0     1

    3:    -1     1     0
           0     1     0
           0     0     1

    4:     0    -1     0
          -1     0     0
           0     0     1

    5:     0    -1     0
           1    -1     0
           0     0     1

    6:    -1     0     0
          -1     1     0
           0     0    -1

    7:    -1     0     0
           0    -1     0
           0     0    -1

    8:     0     1     0
           1     0     0
           0     0    -1

    9:     0     1     0
          -1     1     0
           0     0    -1

   10:     1    -1     0
           1     0     0
           0     0    -1

   11:     1    -1     0
           0    -1     0
           0     0    -1

 group in cartesian coordinates:
                        P

    0:  1.00000000  .000000000  .000000000
        .000000000  1.00000000  .000000000
        .000000000  .000000000  1.00000000

    1:  .500000000 -.866025403  .000000000
       -.866025403 -.500000000  .000000000
        .000000000  .000000000  1.00000000

    2: -.500000000  .866025403  .000000000
       -.866025403 -.500000000  .000000000
        .000000000  .000000000  1.00000000

    3:  .500000000  .866025403  .000000000
        .866025403 -.500000000  .000000000
        .000000000  .000000000  1.00000000

    4: -1.00000000  .000000000  .000000000
        .000000000  1.00000000  .000000000
        .000000000  .000000000  1.00000000

    5: -.500000000 -.866025403  .000000000
        .866025403 -.500000000  .000000000
        .000000000  .000000000  1.00000000

    6: -.500000000  .866025403  .000000000
        .866025403  .500000000  .000000000
        .000000000  .000000000 -1.00000000

    7: -1.00000000  .000000000  .000000000
        .000000000 -1.00000000  .000000000
        .000000000  .000000000 -1.00000000

    8:  1.00000000  .000000000  .000000000
        .000000000 -1.00000000  .000000000
        .000000000  .000000000 -1.00000000

    9:  .500000000  .866025403  .000000000
       -.866025403  .500000000  .000000000
        .000000000  .000000000 -1.00000000

   10:  .500000000 -.866025403  .000000000
        .866025403  .500000000  .000000000
        .000000000  .000000000 -1.00000000

   11: -.500000000 -.866025403  .000000000
       -.866025403  .500000000  .000000000
        .000000000  .000000000 -1.00000000

 Types:     1
 in Wyckoff coordinates:
  type  site                 1                 2                 3    label   rot
     0     0  0.33333333333333 -0.33333333333333  0.25000000000000    65 a     0
           1 -0.33333333333333  0.33333333333333 -0.25000000000000    65 a     3
 group elements by axis and angle
  P           x           y           z  (2 pi)/ang   inv
  0  0.00000000  0.00000000  1.00000000           1     1
  1  0.00000000  0.00000000  1.00000000           3     1
  2  0.00000000  0.00000000  1.00000000          -3     1
  3  0.50000000  0.86602540  0.00000000          -2     1
  4  1.00000000  0.00000000  0.00000000          -2     1
  5  0.50000000 -0.86602540  0.00000000          -2     1
  6  0.50000000 -0.86602540  0.00000000          -2    -1
  7  0.00000000  0.00000000  1.00000000           1    -1
  8  1.00000000  0.00000000  0.00000000          -2    -1
  9  0.00000000  0.00000000  1.00000000          -3    -1
 10  0.00000000  0.00000000  1.00000000           3    -1
 11  0.50000000  0.86602540  0.00000000          -2    -1
 for type: 1
 6 elements in the local group
 Euler angles:  0.00000000000000  0.00000000000000  0.00000000000000     1
                2.09439510239320  0.00000000000000  0.00000000000000     1
               -2.09439510239320  0.00000000000000  0.00000000000000     1
                1.04719755119660  3.14159265358979  0.00000000000000    -1
                3.14159265358979  3.14159265358979  0.00000000000000    -1
               -1.04719755119660  3.14159265358979  0.00000000000000    -1
 1 representations for L = 1
 1 representations for L = 2
 2 representations for L = 3
 2 representations for L = 4
 2 representations for L = 5
 3 representations for L = 6
 3 representations for L = 7
 3 representations for L = 8

Nearest neighbor table
 type1 type2    distance
   1     1     0.97848522  
         1     1.00000000  
         1     1.39908303  
         1     1.58000000  

########################################################################
